<?xml version="1.0" encoding="utf-8"?><testsuites name="pytest tests"><testsuite name="pytest" errors="0" failures="1" skipped="0" tests="21" time="114.432" timestamp="2026-01-28T16:30:44.309258+00:00" hostname="agent-env-69d4fc9e-7be2-4067-8401-e38b5f78ffa4"><testcase classname="backend.tests.test_aethon_api.TestHealthAndBasicEndpoints" name="test_api_root" time="0.064" /><testcase classname="backend.tests.test_aethon_api.TestHealthAndBasicEndpoints" name="test_get_agents" time="0.036" /><testcase classname="backend.tests.test_aethon_api.TestHealthAndBasicEndpoints" name="test_get_metrics" time="0.037" /><testcase classname="backend.tests.test_aethon_api.TestEmbodiedAICommand" name="test_robotics_command_returns_embodied_ai" time="4.621" /><testcase classname="backend.tests.test_aethon_api.TestEmbodiedAICommand" name="test_robot_keyword_returns_embodied_ai" time="5.579" /><testcase classname="backend.tests.test_aethon_api.TestEmbodiedAICommand" name="test_amr_keyword_returns_embodied_ai" time="8.279" /><testcase classname="backend.tests.test_aethon_api.TestSixGEdgeCommand" name="test_6g_edge_command_returns_sixg_edge" time="3.729" /><testcase classname="backend.tests.test_aethon_api.TestSixGEdgeCommand" name="test_edge_keyword_returns_sixg_edge" time="6.017" /><testcase classname="backend.tests.test_aethon_api.TestSixGEdgeCommand" name="test_latency_keyword_returns_sixg_edge" time="5.049" /><testcase classname="backend.tests.test_aethon_api.TestBlockchainMainnetCommand" name="test_ethereum_command_returns_blockchain_mainnet" time="4.715" /><testcase classname="backend.tests.test_aethon_api.TestBlockchainMainnetCommand" name="test_mainnet_keyword_returns_blockchain_mainnet" time="5.664" /><testcase classname="backend.tests.test_aethon_api.TestBlockchainMainnetCommand" name="test_eth_keyword_returns_blockchain_mainnet" time="5.771" /><testcase classname="backend.tests.test_aethon_api.TestChessBICommand" name="test_game_theory_command_returns_chess_bi" time="8.146" /><testcase classname="backend.tests.test_aethon_api.TestChessBICommand" name="test_strategy_keyword_returns_chess_bi" time="10.026" /><testcase classname="backend.tests.test_aethon_api.TestChessBICommand" name="test_competition_keyword_returns_chess_bi" time="6.805" /><testcase classname="backend.tests.test_aethon_api.TestExistingComponents" name="test_status_command_returns_agents" time="7.053" /><testcase classname="backend.tests.test_aethon_api.TestExistingComponents" name="test_risk_command_returns_risk_alerts" time="8.571" /><testcase classname="backend.tests.test_aethon_api.TestExistingComponents" name="test_digital_twin_command" time="12.670"><failure message="AssertionError: assert 'world_model' in ['agents', 'digital_twin', 'metrics']">backend/tests/test_aethon_api.py:229: in test_digital_twin_command
    assert "world_model" in component_types
E   AssertionError: assert 'world_model' in ['agents', 'digital_twin', 'metrics']</failure></testcase><testcase classname="backend.tests.test_aethon_api.TestExistingComponents" name="test_timeline_command" time="5.142" /><testcase classname="backend.tests.test_aethon_api.TestCommandResponseStructure" name="test_command_response_has_required_fields" time="6.249" /><testcase classname="backend.tests.test_aethon_api.TestCommandResponseStructure" name="test_agent_data_structure" time="0.065" /></testsuite></testsuites>