<?xml version="1.0" encoding="utf-8"?><testsuites name="pytest tests"><testsuite name="pytest" errors="0" failures="0" skipped="0" tests="22" time="58.329" timestamp="2026-01-28T15:41:42.703411+00:00" hostname="agent-env-69d4fc9e-7be2-4067-8401-e38b5f78ffa4"><testcase classname="backend.tests.test_nexus_api.TestHealthAndRoot" name="test_root_endpoint" time="0.078" /><testcase classname="backend.tests.test_nexus_api.TestAgentsEndpoints" name="test_get_all_agents" time="0.041" /><testcase classname="backend.tests.test_nexus_api.TestAgentsEndpoints" name="test_agent_data_structure" time="0.038" /><testcase classname="backend.tests.test_nexus_api.TestAgentsEndpoints" name="test_get_demand_agent" time="0.036" /><testcase classname="backend.tests.test_nexus_api.TestAgentsEndpoints" name="test_get_procurement_agent" time="0.036" /><testcase classname="backend.tests.test_nexus_api.TestAgentsEndpoints" name="test_get_logistics_agent" time="0.036" /><testcase classname="backend.tests.test_nexus_api.TestAgentsEndpoints" name="test_get_risk_agent" time="0.036" /><testcase classname="backend.tests.test_nexus_api.TestAgentsEndpoints" name="test_get_orchestrator_agent" time="0.039" /><testcase classname="backend.tests.test_nexus_api.TestAgentsEndpoints" name="test_get_invalid_agent" time="0.079" /><testcase classname="backend.tests.test_nexus_api.TestMetricsEndpoint" name="test_get_metrics" time="0.040" /><testcase classname="backend.tests.test_nexus_api.TestBlockchainEndpoint" name="test_get_blockchain_transactions" time="0.036" /><testcase classname="backend.tests.test_nexus_api.TestQuantumEndpoints" name="test_get_quantum_optimizations" time="0.037" /><testcase classname="backend.tests.test_nexus_api.TestQuantumEndpoints" name="test_trigger_quantum_optimization" time="0.036" /><testcase classname="backend.tests.test_nexus_api.TestRiskEndpoint" name="test_get_risk_alerts" time="0.037" /><testcase classname="backend.tests.test_nexus_api.TestCommandEndpoint" name="test_system_status_command" time="8.273" /><testcase classname="backend.tests.test_nexus_api.TestCommandEndpoint" name="test_risk_assessment_command" time="12.291" /><testcase classname="backend.tests.test_nexus_api.TestCommandEndpoint" name="test_optimize_routes_command" time="4.330" /><testcase classname="backend.tests.test_nexus_api.TestCommandEndpoint" name="test_blockchain_ledger_command" time="7.182" /><testcase classname="backend.tests.test_nexus_api.TestCommandEndpoint" name="test_timeline_command" time="5.359" /><testcase classname="backend.tests.test_nexus_api.TestCommandEndpoint" name="test_world_model_command" time="6.957" /><testcase classname="backend.tests.test_nexus_api.TestCommandEndpoint" name="test_demo_walkthrough_command" time="8.690" /><testcase classname="backend.tests.test_nexus_api.TestCommandEndpoint" name="test_command_response_structure" time="4.579" /></testsuite></testsuites>